Minggu 8/app/build/intermediates/manifest_merge_blame_file/debug/manifest-merger-blame-debug-report.txt
1<?xml version="1.0" encoding="utf-8"?>
2<manifest xmlns:android="http://schemas.android.com/apk/res/android"
3    package="com.example.minggu8"
4    android:versionCode="1"
5    android:versionName="1.0" >
6
7    <uses-sdk
8        android:minSdkVersion="24"
8-->src/main/AndroidManifest.xml
9        android:targetSdkVersion="33" />
9-->src/main/AndroidManifest.xml
10
11    <uses-permission android:name="android.permission.ACCESS_FINE_LOCATION" />
11-->src/main/AndroidManifest.xml:5:5-79
11-->src/main/AndroidManifest.xml:5:22-76
12    <uses-permission android:name="android.permission.ACCESS_COARSE_LOCATION" />
12-->src/main/AndroidManifest.xml:6:5-81
12-->src/main/AndroidManifest.xml:6:22-78
13    <uses-permission android:name="android.permission.WAKE_LOCK" />
13-->src/main/AndroidManifest.xml:7:5-68
13-->src/main/AndroidManifest.xml:7:22-65
14
15    <!-- Include required permissions for Google Maps API to run. -->
16    <uses-permission android:name="android.permission.ACCESS_NETWORK_STATE" />
16-->[com.google.android.gms:play-services-maps:18.1.0] AndroidManifest.xml:23:5-79
16-->[com.google.android.gms:play-services-maps:18.1.0] AndroidManifest.xml:23:22-76
17    <uses-permission android:name="android.permission.INTERNET" />
17-->[com.google.android.gms:play-services-maps:18.1.0] AndroidManifest.xml:24:5-67
17-->[com.google.android.gms:play-services-maps:18.1.0] AndroidManifest.xml:24:22-64
18
19    <uses-feature
19-->[com.google.android.gms:play-services-maps:18.1.0] AndroidManifest.xml:26:5-28:35
20        android:glEsVersion="0x00020000"
20-->[com.google.android.gms:play-services-maps:18.1.0] AndroidManifest.xml:27:9-41
21        android:required="true" />
21-->[com.google.android.gms:play-services-maps:18.1.0] AndroidManifest.xml:28:9-32
22
23    <queries>
23-->[com.google.android.gms:play-services-maps:18.1.0] AndroidManifest.xml:30:5-34:15
24
25        <!-- Needs to be explicitly declared on Android R+ -->
26        <package android:name="com.google.android.apps.maps" />
26-->[com.google.android.gms:play-services-maps:18.1.0] AndroidManifest.xml:33:9-64
26-->[com.google.android.gms:play-services-maps:18.1.0] AndroidManifest.xml:33:18-61
27    </queries>
28
29    <permission
29-->[androidx.core:core:1.9.0] AndroidManifest.xml:22:5-24:47
30        android:name="com.example.minggu8.DYNAMIC_RECEIVER_NOT_EXPORTED_PERMISSION"
30-->[androidx.core:core:1.9.0] AndroidManifest.xml:23:9-81
31        android:protectionLevel="signature" />
31-->[androidx.core:core:1.9.0] AndroidManifest.xml:24:9-44
32
33    <uses-permission android:name="com.example.minggu8.DYNAMIC_RECEIVER_NOT_EXPORTED_PERMISSION" />
33-->[androidx.core:core:1.9.0] AndroidManifest.xml:26:5-97
33-->[androidx.core:core:1.9.0] AndroidManifest.xml:26:22-94
34
35    <application
35-->src/main/AndroidManifest.xml:9:5-58:19
36        android:allowBackup="true"
36-->src/main/AndroidManifest.xml:10:9-35
37        android:appComponentFactory="androidx.core.app.CoreComponentFactory"
37-->[androidx.core:core:1.9.0] AndroidManifest.xml:28:18-86
38        android:dataExtractionRules="@xml/data_extraction_rules"
38-->src/main/AndroidManifest.xml:11:9-65
39        android:debuggable="true"
40        android:extractNativeLibs="false"
41        android:fullBackupContent="@xml/backup_rules"
41-->src/main/AndroidManifest.xml:12:9-54
42        android:icon="@mipmap/ic_launcher"
42-->src/main/AndroidManifest.xml:13:9-43
43        android:label="@string/app_name"
43-->src/main/AndroidManifest.xml:14:9-41
44        android:supportsRtl="true"
44-->src/main/AndroidManifest.xml:15:9-35
45        android:testOnly="true"
46        android:theme="@style/Theme.Minggu8" >
46-->src/main/AndroidManifest.xml:16:9-45
47        <activity
47-->src/main/AndroidManifest.xml:18:9-20:40
48            android:name="com.example.minggu8.ProximitySensor"
48-->src/main/AndroidManifest.xml:19:13-44
49            android:exported="false" />
49-->src/main/AndroidManifest.xml:20:13-37
50        <activity
50-->src/main/AndroidManifest.xml:21:9-23:40
51            android:name="com.example.minggu8.LightSensor"
51-->src/main/AndroidManifest.xml:22:13-40
52            android:exported="false" />
52-->src/main/AndroidManifest.xml:23:13-37
53        <activity
53-->src/main/AndroidManifest.xml:24:9-26:40
54            android:name="com.example.minggu8.AllSensor"
54-->src/main/AndroidManifest.xml:25:13-38
55            android:exported="false" />
55-->src/main/AndroidManifest.xml:26:13-37
56        <activity
56-->src/main/AndroidManifest.xml:27:9-29:40
57            android:name="com.example.minggu8.MainSensorActivity"
57-->src/main/AndroidManifest.xml:28:13-47
58            android:exported="false" />
58-->src/main/AndroidManifest.xml:29:13-37
59        <activity
59-->src/main/AndroidManifest.xml:30:9-32:40
60            android:name="com.example.minggu8.MainActivity"
60-->src/main/AndroidManifest.xml:31:13-41
61            android:exported="false" />
61-->src/main/AndroidManifest.xml:32:13-37
62        <!--
63             TODO: Before you run your application, you need a Google Maps API key.
64
65             To get one, follow the directions here:
66
67                https://developers.google.com/maps/documentation/android-sdk/get-api-key
68
69             Once you have your API key (it starts with "AIza"), define a new property in your
70             project's local.properties file (e.g. MAPS_API_KEY=Aiza...), and replace the
71             "YOUR_API_KEY" string in this file with "${MAPS_API_KEY}".
72        -->
73        <meta-data
74            android:name="com.google.android.geo.API_KEY"
74-->src/main/AndroidManifest.xml:45:13-58
75            android:value="AIzaSyCVPQ8s73VBn_7BoPD7FPiGZHkk24rQb8k" />
75-->src/main/AndroidManifest.xml:46:13-44
76
77        <activity
77-->src/main/AndroidManifest.xml:48:9-57:20
78            android:name="com.example.minggu8.HomeActivity"
78-->src/main/AndroidManifest.xml:49:13-41
79            android:exported="true"
79-->src/main/AndroidManifest.xml:50:13-36
80            android:label="@string/title_activity_maps" >
80-->src/main/AndroidManifest.xml:51:13-56
81            <intent-filter>
81-->src/main/AndroidManifest.xml:52:13-56:29
82                <action android:name="android.intent.action.MAIN" />
82-->src/main/AndroidManifest.xml:53:17-69
82-->src/main/AndroidManifest.xml:53:25-66
83
84                <category android:name="android.intent.category.LAUNCHER" />
84-->src/main/AndroidManifest.xml:55:17-77
84-->src/main/AndroidManifest.xml:55:27-74
85            </intent-filter>
86        </activity>
87        <!-- Needs to be explicitly declared on P+ -->
88        <uses-library
88-->[com.google.android.gms:play-services-maps:18.1.0] AndroidManifest.xml:39:9-41:40
89            android:name="org.apache.http.legacy"
89-->[com.google.android.gms:play-services-maps:18.1.0] AndroidManifest.xml:40:13-50
90            android:required="false" />
90-->[com.google.android.gms:play-services-maps:18.1.0] AndroidManifest.xml:41:13-37
91
92        <activity
92-->[com.google.android.gms:play-services-base:18.1.0] AndroidManifest.xml:20:9-22:45
93            android:name="com.google.android.gms.common.api.GoogleApiActivity"
93-->[com.google.android.gms:play-services-base:18.1.0] AndroidManifest.xml:20:19-85
94            android:exported="false"
94-->[com.google.android.gms:play-services-base:18.1.0] AndroidManifest.xml:22:19-43
95            android:theme="@android:style/Theme.Translucent.NoTitleBar" />
95-->[com.google.android.gms:play-services-base:18.1.0] AndroidManifest.xml:21:19-78
96
97        <meta-data
97-->[com.google.android.gms:play-services-basement:18.1.0] AndroidManifest.xml:21:9-23:69
98            android:name="com.google.android.gms.version"
98-->[com.google.android.gms:play-services-basement:18.1.0] AndroidManifest.xml:22:13-58
99            android:value="@integer/google_play_services_version" />
99-->[com.google.android.gms:play-services-basement:18.1.0] AndroidManifest.xml:23:13-66
100
101        <provider
101-->[androidx.emoji2:emoji2:1.2.0] AndroidManifest.xml:24:9-32:20
102            android:name="androidx.startup.InitializationProvider"
102-->[androidx.emoji2:emoji2:1.2.0] AndroidManifest.xml:25:13-67
103            android:authorities="com.example.minggu8.androidx-startup"
103-->[androidx.emoji2:emoji2:1.2.0] AndroidManifest.xml:26:13-68
104            android:exported="false" >
104-->[androidx.emoji2:emoji2:1.2.0] AndroidManifest.xml:27:13-37
105            <meta-data
105-->[androidx.emoji2:emoji2:1.2.0] AndroidManifest.xml:29:13-31:52
106                android:name="androidx.emoji2.text.EmojiCompatInitializer"
106-->[androidx.emoji2:emoji2:1.2.0] AndroidManifest.xml:30:17-75
107                android:value="androidx.startup" />
107-->[androidx.emoji2:emoji2:1.2.0] AndroidManifest.xml:31:17-49
108            <meta-data
108-->[androidx.lifecycle:lifecycle-process:2.4.1] AndroidManifest.xml:31:13-33:52
109                android:name="androidx.lifecycle.ProcessLifecycleInitializer"
109-->[androidx.lifecycle:lifecycle-process:2.4.1] AndroidManifest.xml:32:17-78
110                android:value="androidx.startup" />
110-->[androidx.lifecycle:lifecycle-process:2.4.1] AndroidManifest.xml:33:17-49
111        </provider>
112
113        <uses-library
113-->[androidx.window:window:1.0.0] AndroidManifest.xml:25:9-27:40
114            android:name="androidx.window.extensions"
114-->[androidx.window:window:1.0.0] AndroidManifest.xml:26:13-54
115            android:required="false" />
115-->[androidx.window:window:1.0.0] AndroidManifest.xml:27:13-37
116        <uses-library
116-->[androidx.window:window:1.0.0] AndroidManifest.xml:28:9-30:40
117            android:name="androidx.window.sidecar"
117-->[androidx.window:window:1.0.0] AndroidManifest.xml:29:13-51
118            android:required="false" />
118-->[androidx.window:window:1.0.0] AndroidManifest.xml:30:13-37
119    </application>
120
121</manifest>